<?xml version="1.0" encoding="UTF-8"?>
<testng-results ignored="0" total="5" passed="5" failed="0" skipped="0">
  <reporter-output>
  </reporter-output>
  <suite started-at="2024-05-10T23:20:44 IST" name="Default suite" finished-at="2024-05-10T23:20:58 IST" duration-ms="13981">
    <groups>
    </groups>
    <test started-at="2024-05-10T23:20:44 IST" name="Default test" finished-at="2024-05-10T23:20:58 IST" duration-ms="13981">
      <class name="selenium.program.Data_Provider_2">
        <test-method signature="data_pro1(java.lang.String,java.lang.String)[pri:0, instance:selenium.program.Data_Provider_2@393671df]" started-at="2024-05-10T23:20:44 IST" name="data_pro1" data-provider="testdata1" finished-at="2024-05-10T23:20:47 IST" duration-ms="2996" status="PASS">
          <params>
            <param index="0">
              <value>
                <![CDATA[pankaj@gmail.com]]>
              </value>
            </param>
            <param index="1">
              <value>
                <![CDATA[math@123]]>
              </value>
            </param>
          </params>
          <reporter-output>
          </reporter-output>
        </test-method> <!-- data_pro1 -->
        <test-method signature="data_pro1(java.lang.String,java.lang.String)[pri:0, instance:selenium.program.Data_Provider_2@393671df]" started-at="2024-05-10T23:20:47 IST" name="data_pro1" data-provider="testdata1" finished-at="2024-05-10T23:20:50 IST" duration-ms="2681" status="PASS">
          <params>
            <param index="0">
              <value>
                <![CDATA[pankaj1@gmail.com]]>
              </value>
            </param>
            <param index="1">
              <value>
                <![CDATA[math1@123]]>
              </value>
            </param>
          </params>
          <reporter-output>
          </reporter-output>
        </test-method> <!-- data_pro1 -->
        <test-method signature="data_pro1(java.lang.String,java.lang.String)[pri:0, instance:selenium.program.Data_Provider_2@393671df]" started-at="2024-05-10T23:20:50 IST" name="data_pro1" data-provider="testdata1" finished-at="2024-05-10T23:20:53 IST" duration-ms="2761" status="PASS">
          <params>
            <param index="0">
              <value>
                <![CDATA[pankaj2@gmail.com]]>
              </value>
            </param>
            <param index="1">
              <value>
                <![CDATA[math3@123]]>
              </value>
            </param>
          </params>
          <reporter-output>
          </reporter-output>
        </test-method> <!-- data_pro1 -->
        <test-method signature="data_pro1(java.lang.String,java.lang.String)[pri:0, instance:selenium.program.Data_Provider_2@393671df]" started-at="2024-05-10T23:20:53 IST" name="data_pro1" data-provider="testdata1" finished-at="2024-05-10T23:20:55 IST" duration-ms="2695" status="PASS">
          <params>
            <param index="0">
              <value>
                <![CDATA[pankaj3@gmail.com]]>
              </value>
            </param>
            <param index="1">
              <value>
                <![CDATA[math12@123]]>
              </value>
            </param>
          </params>
          <reporter-output>
          </reporter-output>
        </test-method> <!-- data_pro1 -->
        <test-method signature="data_pro1(java.lang.String,java.lang.String)[pri:0, instance:selenium.program.Data_Provider_2@393671df]" started-at="2024-05-10T23:20:55 IST" name="data_pro1" data-provider="testdata1" finished-at="2024-05-10T23:20:58 IST" duration-ms="2824" status="PASS">
          <params>
            <param index="0">
              <value>
                <![CDATA[pankaj4@gmail.com]]>
              </value>
            </param>
            <param index="1">
              <value>
                <![CDATA[math11@123]]>
              </value>
            </param>
          </params>
          <reporter-output>
          </reporter-output>
        </test-method> <!-- data_pro1 -->
      </class> <!-- selenium.program.Data_Provider_2 -->
    </test> <!-- Default test -->
  </suite> <!-- Default suite -->
</testng-results>
