<?xml version="1.0" encoding="UTF-8"?>
<testng-results ignored="0" total="1" passed="1" failed="0" skipped="0">
  <reporter-output>
    <line>
      <![CDATA[Check for entry in emailable report]]>
    </line>
  </reporter-output>
  <suite started-at="2024-09-11T01:23:21 IST" name="Default suite" finished-at="2024-09-11T01:23:24 IST" duration-ms="3170">
    <groups>
    </groups>
    <test started-at="2024-09-11T01:23:21 IST" name="Default test" finished-at="2024-09-11T01:23:24 IST" duration-ms="3170">
      <class name="listener_1.Listnerr">
        <test-method signature="Listner1()[pri:0, instance:listener_1.Listnerr@5c6648b0]" started-at="2024-09-11T01:23:21 IST" name="Listner1" finished-at="2024-09-11T01:23:23 IST" duration-ms="2089" status="PASS">
          <reporter-output>
            <line>
              <![CDATA[Check for entry in emailable report]]>
            </line>
          </reporter-output>
        </test-method> <!-- Listner1 -->
      </class> <!-- listener_1.Listnerr -->
    </test> <!-- Default test -->
  </suite> <!-- Default suite -->
</testng-results>
