<?xml version="1.0" encoding="UTF-8"?>
<!-- Generated by org.testng.reporters.JUnitXMLReporter -->
<testsuite ignored="1" hostname="DESKTOP-EJ545S4" failures="0" tests="3" name="Test" time="0.041" errors="0" timestamp="2024-09-10T22:20:58 IST">
  <testcase classname="testNG_Revision.Grouping_TestNG" name="add" time="0.006"/>
  <testcase classname="testNG_Revision.Grouping_TestNG" name="add1" time="0.001"/>
  <testcase classname="testNG_Revision.Grouping_TestNG" name="add3" time="0.0"/>
  <testcase classname="testNG_Revision.Grouping_TestNG" name="add2" time="0.0">
    <ignored/>
  </testcase> <!-- add2 -->
</testsuite> <!-- Test -->
