<?xml version="1.0" encoding="UTF-8"?>
<testng-results ignored="0" total="4" passed="3" failed="1" skipped="0">
  <reporter-output>
  </reporter-output>
  <suite started-at="2024-06-20T23:35:50 IST" name="Default suite" finished-at="2024-06-20T23:36:05 IST" duration-ms="15912">
    <groups>
      <group name="cucumber">
        <method signature="AbstractTestNGCucumberTests.runScenario(io.cucumber.testng.PickleWrapper,io.cucumber.testng.FeatureWrapper)[pri:0, instance:TestRunner.DDT_TestRunner@1189dd52]" name="runScenario" class="io.cucumber.testng.AbstractTestNGCucumberTests"/>
      </group> <!-- cucumber -->
    </groups>
    <test started-at="2024-06-20T23:35:50 IST" name="Default test" finished-at="2024-06-20T23:36:05 IST" duration-ms="15912">
      <class name="TestRunner.DDT_TestRunner">
        <test-method is-config="true" signature="setUpClass(org.testng.ITestContext)[pri:0, instance:TestRunner.DDT_TestRunner@1189dd52]" started-at="2024-06-20T23:35:50 IST" name="setUpClass" finished-at="2024-06-20T23:35:50 IST" duration-ms="340" status="PASS">
          <params>
            <param index="0">
              <value>
                <![CDATA[org.testng.TestRunner@19382338]]>
              </value>
            </param>
          </params>
          <reporter-output>
          </reporter-output>
        </test-method> <!-- setUpClass -->
        <test-method signature="runScenario(io.cucumber.testng.PickleWrapper,io.cucumber.testng.FeatureWrapper)[pri:0, instance:TestRunner.DDT_TestRunner@1189dd52]" started-at="2024-06-20T23:35:50 IST" name="runScenario" description="Runs Cucumber Scenarios" data-provider="scenarios" finished-at="2024-06-20T23:35:52 IST" duration-ms="1592" status="PASS">
          <params>
            <param index="0">
              <value>
                <![CDATA["Login into sauce demo page with DDT concept."]]>
              </value>
            </param>
            <param index="1">
              <value>
                <![CDATA["Saucedemo page automation"]]>
              </value>
            </param>
          </params>
          <reporter-output>
          </reporter-output>
        </test-method> <!-- runScenario -->
        <test-method signature="runScenario(io.cucumber.testng.PickleWrapper,io.cucumber.testng.FeatureWrapper)[pri:0, instance:TestRunner.DDT_TestRunner@1189dd52]" started-at="2024-06-20T23:35:52 IST" name="runScenario" description="Runs Cucumber Scenarios" data-provider="scenarios" finished-at="2024-06-20T23:35:58 IST" duration-ms="6448" status="FAIL">
          <params>
            <param index="0">
              <value>
                <![CDATA["Login into sauce demo page with DDT concept."]]>
              </value>
            </param>
            <param index="1">
              <value>
                <![CDATA["Saucedemo page automation"]]>
              </value>
            </param>
          </params>
          <exception class="java.lang.AssertionError">
            <message>
              <![CDATA[expected [true] but found [false]]]>
            </message>
            <full-stacktrace>
              <![CDATA[java.lang.AssertionError: expected [true] but found [false]
at org.testng.Assert.fail(Assert.java:99)
at org.testng.Assert.failNotEquals(Assert.java:1037)
at org.testng.Assert.assertTrue(Assert.java:45)
at org.testng.Assert.assertTrue(Assert.java:55)
at StepDefinations.DDT_StepDefinations.user_navigated_to_home_page_of_saucedemo_webpage(DDT_StepDefinations.java:41)
at ✽.user navigated to home page of saucedemo webpage.(file:///C:/Users/Pankaj%20Prasad/eclipse-workspace/BDD_Framework/src/test/resources/Features/DDT.feature:6)
]]>
            </full-stacktrace>
          </exception> <!-- java.lang.AssertionError -->
          <reporter-output>
          </reporter-output>
        </test-method> <!-- runScenario -->
        <test-method signature="runScenario(io.cucumber.testng.PickleWrapper,io.cucumber.testng.FeatureWrapper)[pri:0, instance:TestRunner.DDT_TestRunner@1189dd52]" started-at="2024-06-20T23:35:58 IST" name="runScenario" description="Runs Cucumber Scenarios" data-provider="scenarios" finished-at="2024-06-20T23:35:59 IST" duration-ms="1214" status="PASS">
          <params>
            <param index="0">
              <value>
                <![CDATA["Login into sauce demo page with DDT concept."]]>
              </value>
            </param>
            <param index="1">
              <value>
                <![CDATA["Saucedemo page automation"]]>
              </value>
            </param>
          </params>
          <reporter-output>
          </reporter-output>
        </test-method> <!-- runScenario -->
        <test-method signature="runScenario(io.cucumber.testng.PickleWrapper,io.cucumber.testng.FeatureWrapper)[pri:0, instance:TestRunner.DDT_TestRunner@1189dd52]" started-at="2024-06-20T23:35:59 IST" name="runScenario" description="Runs Cucumber Scenarios" data-provider="scenarios" finished-at="2024-06-20T23:36:05 IST" duration-ms="6281" status="PASS">
          <params>
            <param index="0">
              <value>
                <![CDATA["Login into sauce demo page with DDT concept."]]>
              </value>
            </param>
            <param index="1">
              <value>
                <![CDATA["Saucedemo page automation"]]>
              </value>
            </param>
          </params>
          <reporter-output>
          </reporter-output>
        </test-method> <!-- runScenario -->
        <test-method is-config="true" signature="tearDownClass()[pri:0, instance:TestRunner.DDT_TestRunner@1189dd52]" started-at="2024-06-20T23:36:05 IST" name="tearDownClass" finished-at="2024-06-20T23:36:05 IST" duration-ms="11" status="PASS">
          <reporter-output>
          </reporter-output>
        </test-method> <!-- tearDownClass -->
      </class> <!-- TestRunner.DDT_TestRunner -->
    </test> <!-- Default test -->
  </suite> <!-- Default suite -->
</testng-results>
