<?xml version="1.0" encoding="UTF-8"?>
<testng-results ignored="0" total="1" passed="1" failed="0" skipped="0">
  <reporter-output>
  </reporter-output>
  <suite started-at="2024-05-16T00:09:34 IST" name="Default suite" finished-at="2024-05-16T00:09:36 IST" duration-ms="2205">
    <groups>
    </groups>
    <test started-at="2024-05-16T00:09:34 IST" name="Default test" finished-at="2024-05-16T00:09:36 IST" duration-ms="2205">
      <class name="testCases.POM.TestCase_1">
        <test-method signature="logintoFB()[pri:0, instance:testCases.POM.TestCase_1@3ba9ad43]" started-at="2024-05-16T00:09:34 IST" name="logintoFB" finished-at="2024-05-16T00:09:36 IST" duration-ms="2184" status="PASS">
          <reporter-output>
          </reporter-output>
        </test-method> <!-- logintoFB -->
      </class> <!-- testCases.POM.TestCase_1 -->
    </test> <!-- Default test -->
  </suite> <!-- Default suite -->
</testng-results>
