<?xml version="1.0" encoding="UTF-8"?>
<testng-results ignored="0" total="6" passed="6" failed="0" skipped="0">
  <reporter-output>
  </reporter-output>
  <suite started-at="2024-07-02T01:38:59 IST" name="Suite" finished-at="2024-07-02T01:38:59 IST" duration-ms="48">
    <groups>
    </groups>
    <test started-at="2024-07-02T01:38:59 IST" name="Test" finished-at="2024-07-02T01:38:59 IST" duration-ms="48">
      <class name="revision_02_07_2024.Annotaions_Priority">
        <test-method signature="method_1()[pri:-1, instance:revision_02_07_2024.Annotaions_Priority@359f7cdf]" started-at="2024-07-02T01:38:59 IST" name="method_1" finished-at="2024-07-02T01:38:59 IST" duration-ms="0" status="PASS">
          <reporter-output>
          </reporter-output>
        </test-method> <!-- method_1 -->
        <test-method signature="A_1()[pri:0, instance:revision_02_07_2024.Annotaions_Priority@359f7cdf]" started-at="2024-07-02T01:38:59 IST" name="A_1" finished-at="2024-07-02T01:38:59 IST" duration-ms="1" status="PASS">
          <reporter-output>
          </reporter-output>
        </test-method> <!-- A_1 -->
        <test-method signature="B_1()[pri:20, instance:revision_02_07_2024.Annotaions_Priority@359f7cdf]" started-at="2024-07-02T01:38:59 IST" name="B_1" finished-at="2024-07-02T01:38:59 IST" duration-ms="1" status="PASS">
          <reporter-output>
          </reporter-output>
        </test-method> <!-- B_1 -->
      </class> <!-- revision_02_07_2024.Annotaions_Priority -->
      <class name="revision_02_07_2024.Test_Invocation">
        <test-method signature="method()[pri:0, instance:revision_02_07_2024.Test_Invocation@4f18837a]" started-at="2024-07-02T01:38:59 IST" name="method" finished-at="2024-07-02T01:38:59 IST" duration-ms="1" status="PASS">
          <reporter-output>
          </reporter-output>
        </test-method> <!-- method -->
        <test-method signature="method()[pri:0, instance:revision_02_07_2024.Test_Invocation@4f18837a]" started-at="2024-07-02T01:38:59 IST" name="method" finished-at="2024-07-02T01:38:59 IST" duration-ms="1" status="PASS">
          <reporter-output>
          </reporter-output>
        </test-method> <!-- method -->
      </class> <!-- revision_02_07_2024.Test_Invocation -->
      <class name="revision_02_07_2024.TestNG_Annotaions">
        <test-method is-config="true" signature="BM()[pri:0, instance:revision_02_07_2024.TestNG_Annotaions@6eda5c9]" started-at="2024-07-02T01:38:59 IST" name="BM" finished-at="2024-07-02T01:38:59 IST" duration-ms="4" status="PASS">
          <reporter-output>
          </reporter-output>
        </test-method> <!-- BM -->
        <test-method signature="test_1()[pri:0, instance:revision_02_07_2024.TestNG_Annotaions@6eda5c9]" started-at="2024-07-02T01:38:59 IST" name="test_1" finished-at="2024-07-02T01:38:59 IST" duration-ms="9" status="PASS">
          <reporter-output>
          </reporter-output>
        </test-method> <!-- test_1 -->
        <test-method is-config="true" signature="AM()[pri:0, instance:revision_02_07_2024.TestNG_Annotaions@6eda5c9]" started-at="2024-07-02T01:38:59 IST" name="AM" finished-at="2024-07-02T01:38:59 IST" duration-ms="0" status="PASS">
          <reporter-output>
          </reporter-output>
        </test-method> <!-- AM -->
      </class> <!-- revision_02_07_2024.TestNG_Annotaions -->
    </test> <!-- Test -->
  </suite> <!-- Suite -->
</testng-results>
