<?xml version="1.0" encoding="UTF-8"?>
<testng-results ignored="0" total="1" passed="1" failed="0" skipped="0">
  <reporter-output>
  </reporter-output>
  <suite started-at="2024-05-19T15:06:29 IST" name="Default suite" finished-at="2024-05-19T15:06:47 IST" duration-ms="18226">
    <groups>
    </groups>
    <test started-at="2024-05-19T15:06:29 IST" name="Default test" finished-at="2024-05-19T15:06:47 IST" duration-ms="18226">
      <class name="testCases_Amazon.TestCase_1">
        <test-method is-config="true" signature="launch()[pri:0, instance:testCases_Amazon.TestCase_1@56620197]" started-at="2024-05-19T15:06:29 IST" name="launch" finished-at="2024-05-19T15:06:31 IST" duration-ms="1848" status="PASS">
          <reporter-output>
          </reporter-output>
        </test-method> <!-- launch -->
        <test-method signature="login_to_cart()[pri:0, instance:testCases_Amazon.TestCase_1@56620197]" started-at="2024-05-19T15:06:31 IST" name="login_to_cart" finished-at="2024-05-19T15:06:45 IST" duration-ms="14344" status="PASS">
          <reporter-output>
          </reporter-output>
        </test-method> <!-- login_to_cart -->
        <test-method is-config="true" signature="Quit()[pri:0, instance:testCases_Amazon.TestCase_1@56620197]" started-at="2024-05-19T15:06:45 IST" name="Quit" finished-at="2024-05-19T15:06:47 IST" duration-ms="2014" status="PASS">
          <reporter-output>
          </reporter-output>
        </test-method> <!-- Quit -->
      </class> <!-- testCases_Amazon.TestCase_1 -->
    </test> <!-- Default test -->
  </suite> <!-- Default suite -->
</testng-results>
