<?xml version="1.0" encoding="UTF-8"?>
<!-- Generated by org.testng.reporters.JUnitXMLReporter -->
<testsuite ignored="0" hostname="DESKTOP-EJ545S4" failures="0" tests="6" name="Test" time="0.048" errors="0" timestamp="2024-07-02T01:38:59 IST">
  <testcase classname="revision_02_07_2024.TestNG_Annotaions" name="test_1" time="0.009"/>
  <testcase classname="revision_02_07_2024.Test_Invocation" name="method" time="0.001"/>
  <testcase classname="revision_02_07_2024.Test_Invocation" name="method" time="0.001"/>
  <testcase classname="revision_02_07_2024.Annotaions_Priority" name="method_1" time="0.0"/>
  <testcase classname="revision_02_07_2024.Annotaions_Priority" name="A_1" time="0.001"/>
  <testcase classname="revision_02_07_2024.Annotaions_Priority" name="B_1" time="0.001"/>
</testsuite> <!-- Test -->
