<?xml version="1.0" encoding="UTF-8"?>
<!-- Generated by org.testng.reporters.JUnitXMLReporter -->
<testsuite ignored="4" hostname="DESKTOP-EJ545S4" failures="0" tests="1" name="Test_4.Test" time="0.031" errors="0" timestamp="2024-05-07T02:46:14 IST">
  <testcase classname="crossBrowser.Test_4" name="add3" time="0.007"/>
  <testcase classname="crossBrowser.Test_4" name="add5" time="0.0">
    <ignored/>
  </testcase> <!-- add5 -->
  <testcase classname="crossBrowser.Test_4" name="add2" time="0.0">
    <ignored/>
  </testcase> <!-- add2 -->
  <testcase classname="crossBrowser.Test_4" name="add4" time="0.0">
    <ignored/>
  </testcase> <!-- add4 -->
  <testcase classname="crossBrowser.Test_4" name="add1" time="0.0">
    <ignored/>
  </testcase> <!-- add1 -->
</testsuite> <!-- Test_4.Test -->
