<?xml version="1.0" encoding="UTF-8"?>
<!-- Generated by org.testng.reporters.JUnitXMLReporter -->
<testsuite ignored="0" hostname="DESKTOP-EJ545S4" failures="1" tests="12" name="Smoke_Test" time="10.004" errors="0" timestamp="2024-05-03T00:03:08 IST">
  <testcase classname="test_ng.TestNG_Annotations" name="dog" time="0.003"/>
  <testcase classname="test_ng.TestCase_3" name="add" time="0.001"/>
  <testcase classname="test_ng.TestCase_3" name="add" time="0.001"/>
  <testcase classname="test_ng.TestCase_3" name="add" time="0.001"/>
  <testcase classname="test_ng.TestCase_3" name="add" time="0.001"/>
  <testcase classname="test_ng.TestCase_3" name="add" time="0.001"/>
  <testcase classname="test_ng.TestCase_3" name="sub" time="0.001"/>
  <testcase classname="test_ng.TestCase_4" name="div" time="5.003">
    <failure type="org.testng.internal.thread.ThreadTimeoutException" message="Method test_ng.TestCase_4.div() didn&amp;apos;t finish within the time-out 5000">
      <![CDATA[org.testng.internal.thread.ThreadTimeoutException: Method test_ng.TestCase_4.div() didn't finish within the time-out 5000
at java.base/java.util.ArrayList.forEach(ArrayList.java:1511)
... Removed 24 stack frames]]>
    </failure>
  </testcase> <!-- div -->
  <testcase classname="test_ng.TestCase_1" name="sub" time="0.001"/>
  <testcase classname="test_ng.TestCase_2" name="mul" time="1.886"/>
  <testcase classname="test_ng.TestCase_2" name="sub" time="1.587"/>
  <testcase classname="test_ng.TestCase_2" name="add" time="1.488"/>
</testsuite> <!-- Smoke_Test -->
