<?xml version="1.0" encoding="UTF-8"?>
<testng-results ignored="0" total="1" passed="1" failed="0" skipped="0">
  <reporter-output>
  </reporter-output>
  <suite started-at="2024-05-18T23:45:31 IST" name="Default suite" finished-at="2024-05-18T23:45:35 IST" duration-ms="4094">
    <groups>
    </groups>
    <test started-at="2024-05-18T23:45:31 IST" name="Default test" finished-at="2024-05-18T23:45:35 IST" duration-ms="4094">
      <class name="testCases_FB.TestCase_1">
        <test-method is-config="true" signature="launch()[pri:0, instance:testCases_FB.TestCase_1@56620197]" started-at="2024-05-18T23:45:31 IST" name="launch" finished-at="2024-05-18T23:45:33 IST" duration-ms="1900" status="PASS">
          <reporter-output>
          </reporter-output>
        </test-method> <!-- launch -->
        <test-method signature="Login_to_FB()[pri:0, instance:testCases_FB.TestCase_1@56620197]" started-at="2024-05-18T23:45:33 IST" name="Login_to_FB" finished-at="2024-05-18T23:45:33 IST" duration-ms="167" status="PASS">
          <reporter-output>
          </reporter-output>
        </test-method> <!-- Login_to_FB -->
        <test-method is-config="true" signature="quit()[pri:0, instance:testCases_FB.TestCase_1@56620197]" started-at="2024-05-18T23:45:33 IST" name="quit" finished-at="2024-05-18T23:45:35 IST" duration-ms="2005" status="PASS">
          <reporter-output>
          </reporter-output>
        </test-method> <!-- quit -->
      </class> <!-- testCases_FB.TestCase_1 -->
    </test> <!-- Default test -->
  </suite> <!-- Default suite -->
</testng-results>
