<?xml version="1.0" encoding="UTF-8"?>
<!-- Generated by org.testng.reporters.JUnitXMLReporter -->
<testsuite ignored="2" hostname="DESKTOP-EJ545S4" failures="0" tests="2" name="Test" time="0.026" errors="0" timestamp="2024-05-19T23:57:41 IST">
  <testcase classname="test_NG.Grouping_Of_Test_Cases" name="TestCase2" time="0.006"/>
  <testcase classname="test_NG.Grouping_Of_Test_Cases" name="TestCase3" time="0.0"/>
  <testcase classname="test_NG.Grouping_Of_Test_Cases" name="TestCase4" time="0.0">
    <ignored/>
  </testcase> <!-- TestCase4 -->
  <testcase classname="test_NG.Grouping_Of_Test_Cases" name="TestCase1" time="0.0">
    <ignored/>
  </testcase> <!-- TestCase1 -->
</testsuite> <!-- Test -->
