<?xml version="1.0" encoding="UTF-8"?>
<!-- Generated by org.testng.reporters.JUnitXMLReporter -->
<testsuite ignored="0" hostname="DESKTOP-EJ545S4" failures="0" tests="5" name="Default test" time="13.981" errors="0" timestamp="2024-05-10T23:20:58 IST">
  <testcase classname="selenium.program.Data_Provider_2" name="data_pro1" time="2.996"/>
  <testcase classname="selenium.program.Data_Provider_2" name="data_pro1" time="2.681"/>
  <testcase classname="selenium.program.Data_Provider_2" name="data_pro1" time="2.761"/>
  <testcase classname="selenium.program.Data_Provider_2" name="data_pro1" time="2.695"/>
  <testcase classname="selenium.program.Data_Provider_2" name="data_pro1" time="2.824"/>
</testsuite> <!-- Default test -->
