<?xml version="1.0" encoding="UTF-8"?>
<!-- Generated by org.testng.reporters.JUnitXMLReporter -->
<testsuite ignored="0" hostname="DESKTOP-EJ545S4" failures="1" tests="1" name="Default test(failed)" time="0.536" errors="0" timestamp="2024-05-20T00:06:55 IST">
  <testcase classname="test_NG.TestCases_Reporter_Log" name="flipkart_launch" time="0.51">
    <failure type="org.testng.internal.thread.ThreadTimeoutException" message="Method test_NG.TestCases_Reporter_Log.flipkart_launch() didn&amp;apos;t finish within the time-out 500">
      <![CDATA[org.testng.internal.thread.ThreadTimeoutException: Method test_NG.TestCases_Reporter_Log.flipkart_launch() didn't finish within the time-out 500
at java.base/java.util.ArrayList.forEach(ArrayList.java:1511)
... Removed 24 stack frames]]>
    </failure>
  </testcase> <!-- flipkart_launch -->
</testsuite> <!-- Default test(failed) -->
